This file contains any messages produced by compilers while
running configure, to aid debugging if configure makes a mistake.

It was created by webdsl configure 8.8, which was
generated by GNU Autoconf 2.62.  Invocation command line was

  $ ./configure --disable-shared --prefix=/usr/local

## --------- ##
## Platform. ##
## --------- ##

hostname = dutihr.st.ewi.tudelft.nl
uname -m = i386
uname -r = 9.6.0
uname -s = Darwin
uname -v = Darwin Kernel Version 9.6.0: Mon Nov 24 17:37:00 PST 2008; root:xnu-1228.9.59~1/RELEASE_I386

/usr/bin/uname -p = i386
/bin/uname -X     = unknown

/bin/arch              = unknown
/usr/bin/arch -k       = unknown
/usr/convex/getsysinfo = unknown
/usr/bin/hostinfo      = Mach kernel version:
	 Darwin Kernel Version 9.6.0: Mon Nov 24 17:37:00 PST 2008; root:xnu-1228.9.59~1/RELEASE_I386
Kernel configured for up to 2 processors.
2 processors are physically available.
2 processors are logically available.
Processor type: i486 (Intel 80486)
Processors active: 0 1
Primary memory available: 2.00 gigabytes
Default processor set: 91 tasks, 367 threads, 2 processors
Load average: 1.44, Mach factor: 0.74
/bin/machine           = unknown
/usr/bin/oslevel       = unknown
/bin/universe          = unknown

PATH: /Library/Frameworks/Python.framework/Versions/Current/bin
PATH: /Users/zef/.nix-profile/bin
PATH: /nix/bin
PATH: /Users/zef/bin
PATH: /opt/local/bin
PATH: /usr/local/mysql/bin
PATH: /usr/bin
PATH: /bin
PATH: /usr/sbin
PATH: /sbin
PATH: /usr/local/bin
PATH: /usr/texbin
PATH: /usr/X11/bin
PATH: /opt/scala/bin
PATH: /Users/zef/Downloads/stax-sdk-0.2.11


## ----------- ##
## Core tests. ##
## ----------- ##

configure:2406: checking for a BSD-compatible install
configure:2474: result: /usr/bin/install -c
configure:2485: checking whether build environment is sane
configure:2528: result: yes
configure:2553: checking for a thread-safe mkdir -p
configure:2592: result: config/install-sh -c -d
configure:2605: checking for gawk
configure:2621: found /opt/local/bin/gawk
configure:2632: result: gawk
configure:2643: checking whether make sets $(MAKE)
configure:2665: result: yes
configure:2868: checking build system type
configure:2886: result: i386-apple-darwin9.6.0
configure:2908: checking host system type
configure:2923: result: i386-apple-darwin9.6.0
configure:2952: checking whether host operating system is Darwin
configure:2960: result: yes
configure:2974: checking if linker needs extra options for Stratego programs
configure:2978: result: yes, using -bind_at_load
configure:2997: checking for style of include used by make
configure:3025: result: GNU
configure:3095: checking for gcc
configure:3111: found /usr/bin/gcc
configure:3122: result: gcc
configure:3360: checking for C compiler version
configure:3368: gcc --version >&5
i686-apple-darwin9-gcc-4.0.1 (GCC) 4.0.1 (Apple Inc. build 5490)
Copyright (C) 2005 Free Software Foundation, Inc.
This is free software; see the source for copying conditions.  There is NO
warranty; not even for MERCHANTABILITY or FITNESS FOR A PARTICULAR PURPOSE.

configure:3372: $? = 0
configure:3379: gcc -v >&5
Using built-in specs.
Target: i686-apple-darwin9
Configured with: /var/tmp/gcc/gcc-5490~1/src/configure --disable-checking -enable-werror --prefix=/usr --mandir=/share/man --enable-languages=c,objc,c++,obj-c++ --program-transform-name=/^[cg][^.-]*$/s/$/-4.0/ --with-gxx-include-dir=/include/c++/4.0.0 --with-slibdir=/usr/lib --build=i686-apple-darwin9 --with-arch=apple --with-tune=generic --host=i686-apple-darwin9 --target=i686-apple-darwin9
Thread model: posix
gcc version 4.0.1 (Apple Inc. build 5490)
configure:3383: $? = 0
configure:3390: gcc -V >&5
gcc-4.0: argument to `-V' is missing
configure:3394: $? = 1
configure:3417: checking for C compiler default output file name
configure:3439: gcc    conftest.c  >&5
configure:3443: $? = 0
configure:3481: result: a.out
configure:3498: checking whether the C compiler works
configure:3508: ./a.out
configure:3512: $? = 0
configure:3529: result: yes
configure:3536: checking whether we are cross compiling
configure:3538: result: no
configure:3541: checking for suffix of executables
configure:3548: gcc -o conftest    conftest.c  >&5
configure:3552: $? = 0
configure:3576: result: 
configure:3582: checking for suffix of object files
configure:3608: gcc -c   conftest.c >&5
configure:3612: $? = 0
configure:3635: result: o
configure:3639: checking whether we are using the GNU C compiler
configure:3668: gcc -c   conftest.c >&5
configure:3675: $? = 0
configure:3692: result: yes
configure:3701: checking whether gcc accepts -g
configure:3731: gcc -c -g  conftest.c >&5
configure:3738: $? = 0
configure:3839: result: yes
configure:3856: checking for gcc option to accept ISO C89
configure:3930: gcc  -c -g -O2  conftest.c >&5
configure:3937: $? = 0
configure:3960: result: none needed
configure:3980: checking dependency style of gcc
configure:4071: result: gcc3
configure:4105: checking for the standard to conform to
configure:4144: result: none
configure:4191: checking how to run the C preprocessor
configure:4231: gcc -E  conftest.c
configure:4238: $? = 0
configure:4269: gcc -E  conftest.c
conftest.c:10:28: error: ac_nonexistent.h: No such file or directory
configure:4276: $? = 1
configure: failed program was:
| /* confdefs.h.  */
| #define PACKAGE_NAME "webdsl"
| #define PACKAGE_TARNAME "webdsl"
| #define PACKAGE_VERSION "8.8"
| #define PACKAGE_STRING "webdsl 8.8"
| #define PACKAGE_BUGREPORT "webdsl@st.ewi.tudelft.nl"
| #define PACKAGE "webdsl"
| #define VERSION "8.8"
| /* end confdefs.h.  */
| #include <ac_nonexistent.h>
configure:4309: result: gcc -E
configure:4338: gcc -E  conftest.c
configure:4345: $? = 0
configure:4376: gcc -E  conftest.c
conftest.c:10:28: error: ac_nonexistent.h: No such file or directory
configure:4383: $? = 1
configure: failed program was:
| /* confdefs.h.  */
| #define PACKAGE_NAME "webdsl"
| #define PACKAGE_TARNAME "webdsl"
| #define PACKAGE_VERSION "8.8"
| #define PACKAGE_STRING "webdsl 8.8"
| #define PACKAGE_BUGREPORT "webdsl@st.ewi.tudelft.nl"
| #define PACKAGE "webdsl"
| #define VERSION "8.8"
| /* end confdefs.h.  */
| #include <ac_nonexistent.h>
configure:4421: checking for grep that handles long lines and -e
configure:4481: result: /usr/bin/grep
configure:4486: checking for egrep
configure:4550: result: /usr/bin/grep -E
configure:4555: checking for ANSI C header files
configure:4585: gcc -c -g -O2  conftest.c >&5
configure:4592: $? = 0
configure:4691: gcc -o conftest -g -O2   conftest.c  >&5
configure:4695: $? = 0
configure:4701: ./conftest
configure:4705: $? = 0
configure:4723: result: yes
configure:4747: checking for sys/types.h
configure:4768: gcc -c -g -O2  conftest.c >&5
configure:4775: $? = 0
configure:4792: result: yes
configure:4747: checking for sys/stat.h
configure:4768: gcc -c -g -O2  conftest.c >&5
configure:4775: $? = 0
configure:4792: result: yes
configure:4747: checking for stdlib.h
configure:4768: gcc -c -g -O2  conftest.c >&5
configure:4775: $? = 0
configure:4792: result: yes
configure:4747: checking for string.h
configure:4768: gcc -c -g -O2  conftest.c >&5
configure:4775: $? = 0
configure:4792: result: yes
configure:4747: checking for memory.h
configure:4768: gcc -c -g -O2  conftest.c >&5
configure:4775: $? = 0
configure:4792: result: yes
configure:4747: checking for strings.h
configure:4768: gcc -c -g -O2  conftest.c >&5
configure:4775: $? = 0
configure:4792: result: yes
configure:4747: checking for inttypes.h
configure:4768: gcc -c -g -O2  conftest.c >&5
configure:4775: $? = 0
configure:4792: result: yes
configure:4747: checking for stdint.h
configure:4768: gcc -c -g -O2  conftest.c >&5
configure:4775: $? = 0
configure:4792: result: yes
configure:4747: checking for unistd.h
configure:4768: gcc -c -g -O2  conftest.c >&5
configure:4775: $? = 0
configure:4792: result: yes
configure:4810: checking size of void *
configure:5113: gcc -o conftest -g -O2   conftest.c  >&5
configure:5117: $? = 0
configure:5123: ./conftest
configure:5127: $? = 0
configure:5151: result: 4
configure:5165: checking size of int
configure:5468: gcc -o conftest -g -O2   conftest.c  >&5
configure:5472: $? = 0
configure:5478: ./conftest
configure:5482: $? = 0
configure:5506: result: 4
configure:5520: checking size of long
configure:5823: gcc -o conftest -g -O2   conftest.c  >&5
configure:5827: $? = 0
configure:5833: ./conftest
configure:5837: $? = 0
configure:5861: result: 4
configure:5875: checking size of double
configure:6178: gcc -o conftest -g -O2   conftest.c  >&5
configure:6182: $? = 0
configure:6188: ./conftest
configure:6192: $? = 0
configure:6216: result: 8
configure:6240: checking for the SVN revision of the source tree
configure:6255: result: not available, defaulting to 0
configure:6322: checking for pkg-config
configure:6340: found /opt/local/bin/pkg-config
configure:6352: result: /opt/local/bin/pkg-config
configure:6381: checking pkg-config is at least version 0.9.0
configure:6384: result: yes
configure:6401: checking whether location of ATerm library is explicitly set
configure:6433: result: no
configure:6438: checking for ATERM
configure:6445: $PKG_CONFIG --exists --print-errors "aterm >= 2.5"
configure:6448: $? = 0
configure:6461: $PKG_CONFIG --exists --print-errors "aterm >= 2.5"
configure:6464: $? = 0
configure:6539: result: yes
configure:6544: checking for ATERM_STRCFLAGS
configure:6551: result: 
configure:6555: checking for ATERM_XTC
configure:6562: result: 
configure:6566: checking prefix of package aterm >= 2.5
configure:6576: result: /nix/store/wn1bq7f0ph1nxwzmr2pqm30a9yin4qjj-aterm-2.5pre21238
configure:6607: checking whether location of SDF Packages is explicitly set
configure:6690: result: no
configure:6695: checking for SDF
configure:6702: $PKG_CONFIG --exists --print-errors "sdf2-bundle >= 2.4"
configure:6705: $? = 0
configure:6718: $PKG_CONFIG --exists --print-errors "sdf2-bundle >= 2.4"
configure:6721: $? = 0
configure:6796: result: yes
configure:6801: checking for SDF_STRCFLAGS
configure:6808: result: 
configure:6812: checking for SDF_XTC
configure:6819: result: 
configure:6823: checking prefix of package sdf2-bundle >= 2.4
configure:6833: result: /nix/store/nsqzbif08r11c518c67n8gss5rjh9d4h-sdf2-bundle-2.4pre212034
configure:6901: checking whether location of Stratego Libraries is explicitly set
configure:7076: result: no
configure:7081: checking for STRATEGO_RUNTIME
configure:7088: $PKG_CONFIG --exists --print-errors "stratego-runtime"
configure:7091: $? = 0
configure:7104: $PKG_CONFIG --exists --print-errors "stratego-runtime"
configure:7107: $? = 0
configure:7182: result: yes
configure:7187: checking for STRATEGO_RUNTIME_STRCFLAGS
configure:7194: result: 
configure:7198: checking for STRATEGO_RUNTIME_XTC
configure:7205: result: 
configure:7209: checking prefix of package stratego-runtime
configure:7219: result: /nix/store/4iva8bw57ywcbyv9j04k7427v4ll24k5-strategoxt
configure:7232: checking for STRATEGO_LIB
configure:7239: $PKG_CONFIG --exists --print-errors "stratego-lib"
configure:7242: $? = 0
configure:7255: $PKG_CONFIG --exists --print-errors "stratego-lib"
configure:7258: $? = 0
configure:7333: result: yes
configure:7338: checking for STRATEGO_LIB_STRCFLAGS
configure:7345: result: -I /nix/store/4iva8bw57ywcbyv9j04k7427v4ll24k5-strategoxt/share -la /nix/store/4iva8bw57ywcbyv9j04k7427v4ll24k5-strategoxt/lib/libstratego-lib.la
configure:7349: checking for STRATEGO_LIB_XTC
configure:7356: result: 
configure:7360: checking prefix of package stratego-lib
configure:7370: result: /nix/store/4iva8bw57ywcbyv9j04k7427v4ll24k5-strategoxt
configure:7383: checking for STRATEGO_XTC
configure:7390: $PKG_CONFIG --exists --print-errors "stratego-xtc"
configure:7393: $? = 0
configure:7406: $PKG_CONFIG --exists --print-errors "stratego-xtc"
configure:7409: $? = 0
configure:7484: result: yes
configure:7489: checking for STRATEGO_XTC_STRCFLAGS
configure:7496: result: -I /nix/store/4iva8bw57ywcbyv9j04k7427v4ll24k5-strategoxt/share -la /nix/store/4iva8bw57ywcbyv9j04k7427v4ll24k5-strategoxt/lib/libstratego-xtc.la
configure:7500: checking for STRATEGO_XTC_XTC
configure:7507: result: 
configure:7511: checking prefix of package stratego-xtc
configure:7521: result: /nix/store/4iva8bw57ywcbyv9j04k7427v4ll24k5-strategoxt
configure:7534: checking for STRATEGO_SGLR
configure:7541: $PKG_CONFIG --exists --print-errors "stratego-sglr"
configure:7544: $? = 0
configure:7557: $PKG_CONFIG --exists --print-errors "stratego-sglr"
configure:7560: $? = 0
configure:7635: result: yes
configure:7640: checking for STRATEGO_SGLR_STRCFLAGS
configure:7647: result: -I /nix/store/4iva8bw57ywcbyv9j04k7427v4ll24k5-strategoxt/share -la /nix/store/4iva8bw57ywcbyv9j04k7427v4ll24k5-strategoxt/lib/libstratego-sglr.la
configure:7651: checking for STRATEGO_SGLR_XTC
configure:7658: result: 
configure:7662: checking prefix of package stratego-sglr
configure:7672: result: /nix/store/4iva8bw57ywcbyv9j04k7427v4ll24k5-strategoxt
configure:7685: checking for STRATEGO_GPP
configure:7692: $PKG_CONFIG --exists --print-errors "stratego-gpp"
configure:7695: $? = 0
configure:7708: $PKG_CONFIG --exists --print-errors "stratego-gpp"
configure:7711: $? = 0
configure:7786: result: yes
configure:7791: checking for STRATEGO_GPP_STRCFLAGS
configure:7798: result: -I /nix/store/4iva8bw57ywcbyv9j04k7427v4ll24k5-strategoxt/share -I /nix/store/4iva8bw57ywcbyv9j04k7427v4ll24k5-strategoxt/share/sdf/gpp -la /nix/store/4iva8bw57ywcbyv9j04k7427v4ll24k5-strategoxt/lib/libstratego-gpp.la
configure:7802: checking for STRATEGO_GPP_XTC
configure:7809: result: 
configure:7813: checking prefix of package stratego-gpp
configure:7823: result: /nix/store/4iva8bw57ywcbyv9j04k7427v4ll24k5-strategoxt
configure:7836: checking for STRATEGO_SDF
configure:7843: $PKG_CONFIG --exists --print-errors "stratego-sdf"
configure:7846: $? = 0
configure:7859: $PKG_CONFIG --exists --print-errors "stratego-sdf"
configure:7862: $? = 0
configure:7937: result: yes
configure:7942: checking for STRATEGO_SDF_STRCFLAGS
configure:7949: result: -I /nix/store/4iva8bw57ywcbyv9j04k7427v4ll24k5-strategoxt/share  -la /nix/store/4iva8bw57ywcbyv9j04k7427v4ll24k5-strategoxt/lib/libstratego-sdf.la
configure:7953: checking for STRATEGO_SDF_XTC
configure:7960: result: 
configure:7964: checking prefix of package stratego-sdf
configure:7974: result: /nix/store/4iva8bw57ywcbyv9j04k7427v4ll24k5-strategoxt
configure:7987: checking for STRATEGO_RTG
configure:7994: $PKG_CONFIG --exists --print-errors "stratego-rtg"
configure:7997: $? = 0
configure:8010: $PKG_CONFIG --exists --print-errors "stratego-rtg"
configure:8013: $? = 0
configure:8088: result: yes
configure:8093: checking for STRATEGO_RTG_STRCFLAGS
configure:8100: result: -I /nix/store/4iva8bw57ywcbyv9j04k7427v4ll24k5-strategoxt/share -la /nix/store/4iva8bw57ywcbyv9j04k7427v4ll24k5-strategoxt/lib/libstratego-rtg.la
configure:8104: checking for STRATEGO_RTG_XTC
configure:8111: result: 
configure:8115: checking prefix of package stratego-rtg
configure:8125: result: /nix/store/4iva8bw57ywcbyv9j04k7427v4ll24k5-strategoxt
configure:8138: checking for STRATEGO_TOOL_DOC
configure:8145: $PKG_CONFIG --exists --print-errors "stratego-tool-doc"
configure:8148: $? = 0
configure:8161: $PKG_CONFIG --exists --print-errors "stratego-tool-doc"
configure:8164: $? = 0
configure:8239: result: yes
configure:8244: checking for STRATEGO_TOOL_DOC_STRCFLAGS
configure:8251: result: -I /nix/store/4iva8bw57ywcbyv9j04k7427v4ll24k5-strategoxt/share -la /nix/store/4iva8bw57ywcbyv9j04k7427v4ll24k5-strategoxt/lib/libstratego-tool-doc.la
configure:8255: checking for STRATEGO_TOOL_DOC_XTC
configure:8262: result: 
configure:8266: checking prefix of package stratego-tool-doc
configure:8276: result: /nix/store/4iva8bw57ywcbyv9j04k7427v4ll24k5-strategoxt
configure:8289: checking for STRATEGO_ATERM
configure:8296: $PKG_CONFIG --exists --print-errors "stratego-aterm"
configure:8299: $? = 0
configure:8312: $PKG_CONFIG --exists --print-errors "stratego-aterm"
configure:8315: $? = 0
configure:8390: result: yes
configure:8395: checking for STRATEGO_ATERM_STRCFLAGS
configure:8402: result: -I /nix/store/4iva8bw57ywcbyv9j04k7427v4ll24k5-strategoxt/share -la /nix/store/4iva8bw57ywcbyv9j04k7427v4ll24k5-strategoxt/lib/libstratego-aterm.la
configure:8406: checking for STRATEGO_ATERM_XTC
configure:8413: result: 
configure:8417: checking prefix of package stratego-aterm
configure:8427: result: /nix/store/4iva8bw57ywcbyv9j04k7427v4ll24k5-strategoxt
configure:8453: checking whether location of XTC package is explicitly set
configure:8459: result: no
configure:8464: checking whether location of XTC package is set explicity by the location of Stratego/XT
configure:8471: result: no
configure:8485: checking for XTC
configure:8492: $PKG_CONFIG --exists --print-errors "xtc"
configure:8495: $? = 0
configure:8586: result: yes
configure:8591: checking for XTC_STRCFLAGS
configure:8594: result: explicitly set: $(STRATEGO_XTC_STRCFLAGS)
configure:8602: checking for XTC_XTC
configure:8609: result: 
configure:8613: checking prefix of package xtc
configure:8623: result: /nix/store/4iva8bw57ywcbyv9j04k7427v4ll24k5-strategoxt
configure:8635: checking for location of xtc program
configure:8645: result: /nix/store/4iva8bw57ywcbyv9j04k7427v4ll24k5-strategoxt/bin/xtc
configure:8665: checking whether location of Stratego/XT is explicitly set
configure:8735: result: no
configure:8741: checking for STRATEGOXT
configure:8748: $PKG_CONFIG --exists --print-errors "strategoxt"
configure:8751: $? = 0
configure:8764: $PKG_CONFIG --exists --print-errors "strategoxt"
configure:8767: $? = 0
configure:8842: result: yes
configure:8847: checking for STRATEGOXT_STRCFLAGS
configure:8854: result: 
configure:8858: checking for STRATEGOXT_XTC
configure:8865: result: /nix/store/4iva8bw57ywcbyv9j04k7427v4ll24k5-strategoxt/share/strategoxt/XTC
configure:8869: checking prefix of package strategoxt
configure:8879: result: /nix/store/4iva8bw57ywcbyv9j04k7427v4ll24k5-strategoxt
configure:8900: checking for C_TOOLS
configure:8907: $PKG_CONFIG --exists --print-errors "c-tools"
configure:8910: $? = 0
configure:8923: $PKG_CONFIG --exists --print-errors "c-tools"
configure:8926: $? = 0
configure:9001: result: yes
configure:9006: checking for C_TOOLS_STRCFLAGS
configure:9013: result: -I /nix/store/4iva8bw57ywcbyv9j04k7427v4ll24k5-strategoxt/share/c-tools -I /nix/store/4iva8bw57ywcbyv9j04k7427v4ll24k5-strategoxt/share/sdf/c-tools
configure:9017: checking for C_TOOLS_XTC
configure:9024: result: 
configure:9028: checking prefix of package c-tools
configure:9038: result: /nix/store/4iva8bw57ywcbyv9j04k7427v4ll24k5-strategoxt
configure:9119: checking for JAVA_FRONT
configure:9126: $PKG_CONFIG --exists --print-errors "java-front"
configure:9129: $? = 0
configure:9142: $PKG_CONFIG --exists --print-errors "java-front"
configure:9145: $? = 0
configure:9220: result: yes
configure:9225: checking for JAVA_FRONT_STRCFLAGS
configure:9232: result: -I /nix/store/0ljfh92wkjv984ajvcc14pq154x1y775-java-front-0.9pre1823618236/share/java-front-syntax -I /nix/store/0ljfh92wkjv984ajvcc14pq154x1y775-java-front-0.9pre1823618236/share/java-front -la /nix/store/0ljfh92wkjv984ajvcc14pq154x1y775-java-front-0.9pre1823618236/lib/libjava-front.la
configure:9236: checking for JAVA_FRONT_XTC
configure:9243: result: /nix/store/0ljfh92wkjv984ajvcc14pq154x1y775-java-front-0.9pre1823618236/share/java-front/XTC
configure:9247: checking prefix of package java-front
configure:9257: result: /nix/store/0ljfh92wkjv984ajvcc14pq154x1y775-java-front-0.9pre1823618236
configure:9269: checking for parse-java at /nix/store/0ljfh92wkjv984ajvcc14pq154x1y775-java-front-0.9pre1823618236/bin/parse-java
configure:9273: result: yes
configure:9286: checking for PIL
configure:9293: $PKG_CONFIG --exists --print-errors "pil"
configure:9296: $? = 0
configure:9309: $PKG_CONFIG --exists --print-errors "pil"
configure:9312: $? = 0
configure:9387: result: yes
configure:9392: checking for PIL_STRCFLAGS
configure:9399: result: 
configure:9403: checking for PIL_XTC
configure:9410: result: 
configure:9414: checking prefix of package pil
configure:9424: result: /usr/local
configure:9436: checking for pilc at /usr/local/bin/pilc
configure:9440: result: yes
configure:9503: checking for gcc
configure:9530: result: gcc
configure:9768: checking for C compiler version
configure:9776: gcc --version >&5
i686-apple-darwin9-gcc-4.0.1 (GCC) 4.0.1 (Apple Inc. build 5490)
Copyright (C) 2005 Free Software Foundation, Inc.
This is free software; see the source for copying conditions.  There is NO
warranty; not even for MERCHANTABILITY or FITNESS FOR A PARTICULAR PURPOSE.

configure:9780: $? = 0
configure:9787: gcc -v >&5
Using built-in specs.
Target: i686-apple-darwin9
Configured with: /var/tmp/gcc/gcc-5490~1/src/configure --disable-checking -enable-werror --prefix=/usr --mandir=/share/man --enable-languages=c,objc,c++,obj-c++ --program-transform-name=/^[cg][^.-]*$/s/$/-4.0/ --with-gxx-include-dir=/include/c++/4.0.0 --with-slibdir=/usr/lib --build=i686-apple-darwin9 --with-arch=apple --with-tune=generic --host=i686-apple-darwin9 --target=i686-apple-darwin9
Thread model: posix
gcc version 4.0.1 (Apple Inc. build 5490)
configure:9791: $? = 0
configure:9798: gcc -V >&5
gcc-4.0: argument to `-V' is missing
configure:9802: $? = 1
configure:9805: checking whether we are using the GNU C compiler
configure:9858: result: yes
configure:9867: checking whether gcc accepts -g
configure:10005: result: yes
configure:10022: checking for gcc option to accept ISO C89
configure:10126: result: none needed
configure:10146: checking dependency style of gcc
configure:10237: result: gcc3
configure:10266: checking for a BSD-compatible install
configure:10334: result: /usr/bin/install -c
configure:10394: checking for pkg-config
configure:10424: result: /opt/local/bin/pkg-config
configure:10453: checking pkg-config is at least version 0.9.0
configure:10456: result: yes
configure:10539: checking for a sed that does not truncate output
configure:10595: result: /usr/bin/sed
configure:10609: checking for ld used by gcc
configure:10676: result: /usr/libexec/gcc/i686-apple-darwin9/4.0.1/ld
configure:10685: checking if the linker (/usr/libexec/gcc/i686-apple-darwin9/4.0.1/ld) is GNU ld
configure:10700: result: no
configure:10705: checking for /usr/libexec/gcc/i686-apple-darwin9/4.0.1/ld option to reload object files
configure:10712: result: -r
configure:10730: checking for BSD-compatible nm
configure:10779: result: /usr/bin/nm -p
configure:10783: checking whether ln -s works
configure:10787: result: yes
configure:10794: checking how to recognize dependent libraries
configure:10980: result: pass_all
configure:11239: checking dlfcn.h usability
configure:11256: gcc -c -g -O2  conftest.c >&5
configure:11263: $? = 0
configure:11277: result: yes
configure:11281: checking dlfcn.h presence
configure:11296: gcc -E  conftest.c
configure:11303: $? = 0
configure:11317: result: yes
configure:11350: checking for dlfcn.h
configure:11359: result: yes
configure:11431: checking for g++
configure:11447: found /usr/bin/g++
configure:11458: result: g++
configure:11489: checking for C++ compiler version
configure:11497: g++ --version >&5
i686-apple-darwin9-g++-4.0.1 (GCC) 4.0.1 (Apple Inc. build 5490)
Copyright (C) 2005 Free Software Foundation, Inc.
This is free software; see the source for copying conditions.  There is NO
warranty; not even for MERCHANTABILITY or FITNESS FOR A PARTICULAR PURPOSE.

configure:11501: $? = 0
configure:11508: g++ -v >&5
Using built-in specs.
Target: i686-apple-darwin9
Configured with: /var/tmp/gcc/gcc-5490~1/src/configure --disable-checking -enable-werror --prefix=/usr --mandir=/share/man --enable-languages=c,objc,c++,obj-c++ --program-transform-name=/^[cg][^.-]*$/s/$/-4.0/ --with-gxx-include-dir=/include/c++/4.0.0 --with-slibdir=/usr/lib --build=i686-apple-darwin9 --with-arch=apple --with-tune=generic --host=i686-apple-darwin9 --target=i686-apple-darwin9
Thread model: posix
gcc version 4.0.1 (Apple Inc. build 5490)
configure:11512: $? = 0
configure:11519: g++ -V >&5
g++-4.0: argument to `-V' is missing
configure:11523: $? = 1
configure:11526: checking whether we are using the GNU C++ compiler
configure:11555: g++ -c   conftest.cpp >&5
configure:11562: $? = 0
configure:11579: result: yes
configure:11588: checking whether g++ accepts -g
configure:11618: g++ -c -g  conftest.cpp >&5
configure:11625: $? = 0
configure:11726: result: yes
configure:11751: checking dependency style of g++
configure:11842: result: gcc3
configure:11867: checking how to run the C++ preprocessor
configure:11903: g++ -E  conftest.cpp
configure:11910: $? = 0
configure:11941: g++ -E  conftest.cpp
conftest.cpp:26:28: error: ac_nonexistent.h: No such file or directory
configure:11948: $? = 1
configure: failed program was:
| /* confdefs.h.  */
| #define PACKAGE_NAME "webdsl"
| #define PACKAGE_TARNAME "webdsl"
| #define PACKAGE_VERSION "8.8"
| #define PACKAGE_STRING "webdsl 8.8"
| #define PACKAGE_BUGREPORT "webdsl@st.ewi.tudelft.nl"
| #define PACKAGE "webdsl"
| #define VERSION "8.8"
| #define STDC_HEADERS 1
| #define HAVE_SYS_TYPES_H 1
| #define HAVE_SYS_STAT_H 1
| #define HAVE_STDLIB_H 1
| #define HAVE_STRING_H 1
| #define HAVE_MEMORY_H 1
| #define HAVE_STRINGS_H 1
| #define HAVE_INTTYPES_H 1
| #define HAVE_STDINT_H 1
| #define HAVE_UNISTD_H 1
| #define SIZEOF_VOID_P 4
| #define SIZEOF_INT 4
| #define SIZEOF_LONG 4
| #define SIZEOF_DOUBLE 8
| #define SVN_REVISION "0"
| #define HAVE_DLFCN_H 1
| /* end confdefs.h.  */
| #include <ac_nonexistent.h>
configure:11981: result: g++ -E
configure:12010: g++ -E  conftest.cpp
configure:12017: $? = 0
configure:12048: g++ -E  conftest.cpp
conftest.cpp:26:28: error: ac_nonexistent.h: No such file or directory
configure:12055: $? = 1
configure: failed program was:
| /* confdefs.h.  */
| #define PACKAGE_NAME "webdsl"
| #define PACKAGE_TARNAME "webdsl"
| #define PACKAGE_VERSION "8.8"
| #define PACKAGE_STRING "webdsl 8.8"
| #define PACKAGE_BUGREPORT "webdsl@st.ewi.tudelft.nl"
| #define PACKAGE "webdsl"
| #define VERSION "8.8"
| #define STDC_HEADERS 1
| #define HAVE_SYS_TYPES_H 1
| #define HAVE_SYS_STAT_H 1
| #define HAVE_STDLIB_H 1
| #define HAVE_STRING_H 1
| #define HAVE_MEMORY_H 1
| #define HAVE_STRINGS_H 1
| #define HAVE_INTTYPES_H 1
| #define HAVE_STDINT_H 1
| #define HAVE_UNISTD_H 1
| #define SIZEOF_VOID_P 4
| #define SIZEOF_INT 4
| #define SIZEOF_LONG 4
| #define SIZEOF_DOUBLE 8
| #define SVN_REVISION "0"
| #define HAVE_DLFCN_H 1
| /* end confdefs.h.  */
| #include <ac_nonexistent.h>
configure:12148: checking for g77
configure:12178: result: no
configure:12148: checking for xlf
configure:12178: result: no
configure:12148: checking for f77
configure:12178: result: no
configure:12148: checking for frt
configure:12178: result: no
configure:12148: checking for pgf77
configure:12178: result: no
configure:12148: checking for cf77
configure:12178: result: no
configure:12148: checking for fort77
configure:12178: result: no
configure:12148: checking for fl32
configure:12178: result: no
configure:12148: checking for af77
configure:12178: result: no
configure:12148: checking for xlf90
configure:12178: result: no
configure:12148: checking for f90
configure:12178: result: no
configure:12148: checking for pgf90
configure:12178: result: no
configure:12148: checking for pghpf
configure:12178: result: no
configure:12148: checking for epcf90
configure:12178: result: no
configure:12148: checking for gfortran
configure:12178: result: no
configure:12148: checking for g95
configure:12178: result: no
configure:12148: checking for xlf95
configure:12178: result: no
configure:12148: checking for f95
configure:12178: result: no
configure:12148: checking for fort
configure:12178: result: no
configure:12148: checking for ifort
configure:12178: result: no
configure:12148: checking for ifc
configure:12178: result: no
configure:12148: checking for efc
configure:12178: result: no
configure:12148: checking for pgf95
configure:12178: result: no
configure:12148: checking for lf95
configure:12178: result: no
configure:12148: checking for ftn
configure:12178: result: no
configure:12205: checking for Fortran 77 compiler version
configure:12213:  --version >&5
./configure: line 12215: --version: command not found
configure:12217: $? = 127
configure:12224:  -v >&5
./configure: line 12226: -v: command not found
configure:12228: $? = 127
configure:12235:  -V >&5
./configure: line 12237: -V: command not found
configure:12239: $? = 127
configure:12247: checking whether we are using the GNU Fortran 77 compiler
configure:12266:  -c  conftest.F >&5
./configure: line 12268: -c: command not found
configure:12273: $? = 127
configure: failed program was:
|       program main
| #ifndef __GNUC__
|        choke me
| #endif
| 
|       end
configure:12290: result: no
configure:12296: checking whether  accepts -g
configure:12313:  -c -g conftest.f >&5
./configure: line 12315: -c: command not found
configure:12320: $? = 127
configure: failed program was:
|       program main
| 
|       end
configure:12336: result: no
configure:12369: checking the maximum length of command line arguments
configure:12481: result: 196608
configure:12493: checking command to parse /usr/bin/nm -p output from gcc object
configure:12598: gcc -c -g -O2  conftest.c >&5
configure:12601: $? = 0
configure:12605: /usr/bin/nm -p conftest.o \| sed -n -e 's/^.*[ 	]\([BCDEGRST][BCDEGRST]*\)[ 	][ 	]*\([_A-Za-z][_A-Za-z0-9]*\)$/\1 \2 \2/p' \> conftest.nm
configure:12608: $? = 0
cannot find nm_test_var in conftest.nm
configure:12598: gcc -c -g -O2  conftest.c >&5
configure:12601: $? = 0
configure:12605: /usr/bin/nm -p conftest.o \| sed -n -e 's/^.*[ 	]\([BCDEGRST][BCDEGRST]*\)[ 	][ 	]*_\([_A-Za-z][_A-Za-z0-9]*\)$/\1 _\2 \2/p' \> conftest.nm
configure:12608: $? = 0
configure:12660: gcc -o conftest -g -O2   conftest.c conftstm.o >&5
configure:12663: $? = 0
configure:12701: result: ok
configure:12705: checking for objdir
configure:12720: result: .libs
configure:12812: checking for ar
configure:12828: found /usr/bin/ar
configure:12839: result: ar
configure:12908: checking for ranlib
configure:12924: found /usr/bin/ranlib
configure:12935: result: ranlib
configure:13004: checking for strip
configure:13020: found /usr/bin/strip
configure:13031: result: strip
configure:13288: checking for dsymutil
configure:13304: found /usr/bin/dsymutil
configure:13315: result: dsymutil
configure:13384: checking for nmedit
configure:13400: found /usr/bin/nmedit
configure:13411: result: nmedit
configure:13438: checking for -single_module linker flag
configure:13459: result: yes
configure:13461: checking for -exported_symbols_list linker flag
configure:13491: gcc -o conftest -g -O2   -Wl,-exported_symbols_list,conftest.sym conftest.c  >&5
configure:13498: $? = 0
configure:13520: result: yes
configure:13633: checking if gcc supports -fno-rtti -fno-exceptions
configure:13651: gcc -c -g -O2  -fno-rtti -fno-exceptions conftest.c >&5
cc1: warning: command line option "-fno-rtti" is valid for C++/ObjC++ but not for C
configure:13655: $? = 0
configure:13668: result: no
configure:13683: checking for gcc option to produce PIC
configure:13915: result: -fno-common
configure:13923: checking if gcc PIC flag -fno-common works
configure:13941: gcc -c -g -O2  -fno-common -DPIC conftest.c >&5
configure:13945: $? = 0
configure:13958: result: yes
configure:13986: checking if gcc static flag -static works
configure:14014: result: no
configure:14024: checking if gcc supports -c -o file.o
configure:14045: gcc -c -g -O2  -o out/conftest2.o conftest.c >&5
configure:14049: $? = 0
configure:14071: result: yes
configure:14097: checking whether the gcc linker (/usr/libexec/gcc/i686-apple-darwin9/4.0.1/ld) supports shared libraries
configure:15067: result: yes
configure:15134: checking dynamic linker characteristics
configure:15736: result: darwin9.6.0 dyld
configure:15760: checking how to hardcode library paths into programs
configure:15785: result: immediate
configure:15799: checking whether stripping libraries is possible
configure:15813: result: yes
configure:16634: checking if libtool supports shared libraries
configure:16636: result: yes
configure:16639: checking whether to build shared libraries
configure:16660: result: no
configure:16663: checking whether to build static libraries
configure:16667: result: yes
configure:16761: creating libtool
configure:17354: checking for ld used by g++
configure:17421: result: /usr/libexec/gcc/i686-apple-darwin9/4.0.1/ld
configure:17430: checking if the linker (/usr/libexec/gcc/i686-apple-darwin9/4.0.1/ld) is GNU ld
configure:17445: result: no
configure:17496: checking whether the g++ linker (/usr/libexec/gcc/i686-apple-darwin9/4.0.1/ld) supports shared libraries
configure:18450: result: yes
configure:18467: g++ -c -g -O2  conftest.cpp >&5
configure:18470: $? = 0
configure:18626: checking for g++ option to produce PIC
configure:18910: result: -fno-common
configure:18918: checking if g++ PIC flag -fno-common works
configure:18936: g++ -c -g -O2  -fno-common -DPIC conftest.cpp >&5
configure:18940: $? = 0
configure:18953: result: yes
configure:18981: checking if g++ static flag -static works
configure:19009: result: no
configure:19019: checking if g++ supports -c -o file.o
configure:19040: g++ -c -g -O2  -o out/conftest2.o conftest.cpp >&5
configure:19044: $? = 0
configure:19066: result: yes
configure:19092: checking whether the g++ linker (/usr/libexec/gcc/i686-apple-darwin9/4.0.1/ld) supports shared libraries
configure:19118: result: yes
configure:19185: checking dynamic linker characteristics
configure:19735: result: darwin9.6.0 dyld
configure:19759: checking how to hardcode library paths into programs
configure:19784: result: immediate
configure:26198: creating ./config.status

## ---------------------- ##
## Running config.status. ##
## ---------------------- ##

This file was extended by webdsl config.status 8.8, which was
generated by GNU Autoconf 2.62.  Invocation command line was

  CONFIG_FILES    = 
  CONFIG_HEADERS  = 
  CONFIG_LINKS    = 
  CONFIG_COMMANDS = 
  $ ./config.status 

on dutihr.st.ewi.tudelft.nl

config.status:854: creating Makefile
config.status:854: creating src/Makefile
config.status:854: creating test/Makefile
config.status:854: creating src/org/webdsl/dsl/project/webdsl
config.status:854: creating src/org/webdsl/dsl/project/webdsl-plugins
config.status:854: creating src/org/webdsl/dsl/project/Makefile
config.status:854: creating webdsls.pc
config.status:1065: executing depfiles commands

## ---------------- ##
## Cache variables. ##
## ---------------- ##

ac_cv_build=i386-apple-darwin9.6.0
ac_cv_c_compiler_gnu=yes
ac_cv_cxx_compiler_gnu=yes
ac_cv_env_ATERM_CFLAGS_set=
ac_cv_env_ATERM_CFLAGS_value=
ac_cv_env_ATERM_LIBS_set=
ac_cv_env_ATERM_LIBS_value=
ac_cv_env_ATERM_STRCFLAGS_set=
ac_cv_env_ATERM_STRCFLAGS_value=
ac_cv_env_ATERM_XTC_set=
ac_cv_env_ATERM_XTC_value=
ac_cv_env_CCC_set=
ac_cv_env_CCC_value=
ac_cv_env_CC_set=
ac_cv_env_CC_value=
ac_cv_env_CFLAGS_set=
ac_cv_env_CFLAGS_value=
ac_cv_env_CPPFLAGS_set=
ac_cv_env_CPPFLAGS_value=
ac_cv_env_CPP_set=
ac_cv_env_CPP_value=
ac_cv_env_CXXCPP_set=
ac_cv_env_CXXCPP_value=
ac_cv_env_CXXFLAGS_set=
ac_cv_env_CXXFLAGS_value=
ac_cv_env_CXX_set=
ac_cv_env_CXX_value=
ac_cv_env_C_TOOLS_CFLAGS_set=
ac_cv_env_C_TOOLS_CFLAGS_value=
ac_cv_env_C_TOOLS_LIBS_set=
ac_cv_env_C_TOOLS_LIBS_value=
ac_cv_env_C_TOOLS_STRCFLAGS_set=
ac_cv_env_C_TOOLS_STRCFLAGS_value=
ac_cv_env_C_TOOLS_XTC_set=
ac_cv_env_C_TOOLS_XTC_value=
ac_cv_env_F77_set=
ac_cv_env_F77_value=
ac_cv_env_FFLAGS_set=
ac_cv_env_FFLAGS_value=
ac_cv_env_JAVA_FRONT_CFLAGS_set=
ac_cv_env_JAVA_FRONT_CFLAGS_value=
ac_cv_env_JAVA_FRONT_LIBS_set=
ac_cv_env_JAVA_FRONT_LIBS_value=
ac_cv_env_JAVA_FRONT_STRCFLAGS_set=
ac_cv_env_JAVA_FRONT_STRCFLAGS_value=
ac_cv_env_JAVA_FRONT_XTC_set=
ac_cv_env_JAVA_FRONT_XTC_value=
ac_cv_env_LDFLAGS_set=
ac_cv_env_LDFLAGS_value=
ac_cv_env_LIBS_set=
ac_cv_env_LIBS_value=
ac_cv_env_PIL_CFLAGS_set=
ac_cv_env_PIL_CFLAGS_value=
ac_cv_env_PIL_LIBS_set=
ac_cv_env_PIL_LIBS_value=
ac_cv_env_PIL_STRCFLAGS_set=
ac_cv_env_PIL_STRCFLAGS_value=
ac_cv_env_PIL_XTC_set=
ac_cv_env_PIL_XTC_value=
ac_cv_env_PKG_CONFIG_set=
ac_cv_env_PKG_CONFIG_value=
ac_cv_env_SDF_CFLAGS_set=
ac_cv_env_SDF_CFLAGS_value=
ac_cv_env_SDF_LIBS_set=
ac_cv_env_SDF_LIBS_value=
ac_cv_env_SDF_STRCFLAGS_set=
ac_cv_env_SDF_STRCFLAGS_value=
ac_cv_env_SDF_XTC_set=
ac_cv_env_SDF_XTC_value=
ac_cv_env_STRATEGOXT_CFLAGS_set=
ac_cv_env_STRATEGOXT_CFLAGS_value=
ac_cv_env_STRATEGOXT_LIBS_set=
ac_cv_env_STRATEGOXT_LIBS_value=
ac_cv_env_STRATEGOXT_STRCFLAGS_set=
ac_cv_env_STRATEGOXT_STRCFLAGS_value=
ac_cv_env_STRATEGOXT_XTC_set=
ac_cv_env_STRATEGOXT_XTC_value=
ac_cv_env_STRATEGO_ATERM_CFLAGS_set=
ac_cv_env_STRATEGO_ATERM_CFLAGS_value=
ac_cv_env_STRATEGO_ATERM_LIBS_set=
ac_cv_env_STRATEGO_ATERM_LIBS_value=
ac_cv_env_STRATEGO_ATERM_STRCFLAGS_set=
ac_cv_env_STRATEGO_ATERM_STRCFLAGS_value=
ac_cv_env_STRATEGO_ATERM_XTC_set=
ac_cv_env_STRATEGO_ATERM_XTC_value=
ac_cv_env_STRATEGO_GPP_CFLAGS_set=
ac_cv_env_STRATEGO_GPP_CFLAGS_value=
ac_cv_env_STRATEGO_GPP_LIBS_set=
ac_cv_env_STRATEGO_GPP_LIBS_value=
ac_cv_env_STRATEGO_GPP_STRCFLAGS_set=
ac_cv_env_STRATEGO_GPP_STRCFLAGS_value=
ac_cv_env_STRATEGO_GPP_XTC_set=
ac_cv_env_STRATEGO_GPP_XTC_value=
ac_cv_env_STRATEGO_LIB_CFLAGS_set=
ac_cv_env_STRATEGO_LIB_CFLAGS_value=
ac_cv_env_STRATEGO_LIB_LIBS_set=
ac_cv_env_STRATEGO_LIB_LIBS_value=
ac_cv_env_STRATEGO_LIB_STRCFLAGS_set=
ac_cv_env_STRATEGO_LIB_STRCFLAGS_value=
ac_cv_env_STRATEGO_LIB_XTC_set=
ac_cv_env_STRATEGO_LIB_XTC_value=
ac_cv_env_STRATEGO_RTG_CFLAGS_set=
ac_cv_env_STRATEGO_RTG_CFLAGS_value=
ac_cv_env_STRATEGO_RTG_LIBS_set=
ac_cv_env_STRATEGO_RTG_LIBS_value=
ac_cv_env_STRATEGO_RTG_STRCFLAGS_set=
ac_cv_env_STRATEGO_RTG_STRCFLAGS_value=
ac_cv_env_STRATEGO_RTG_XTC_set=
ac_cv_env_STRATEGO_RTG_XTC_value=
ac_cv_env_STRATEGO_RUNTIME_CFLAGS_set=
ac_cv_env_STRATEGO_RUNTIME_CFLAGS_value=
ac_cv_env_STRATEGO_RUNTIME_LIBS_set=
ac_cv_env_STRATEGO_RUNTIME_LIBS_value=
ac_cv_env_STRATEGO_RUNTIME_STRCFLAGS_set=
ac_cv_env_STRATEGO_RUNTIME_STRCFLAGS_value=
ac_cv_env_STRATEGO_RUNTIME_XTC_set=
ac_cv_env_STRATEGO_RUNTIME_XTC_value=
ac_cv_env_STRATEGO_SDF_CFLAGS_set=
ac_cv_env_STRATEGO_SDF_CFLAGS_value=
ac_cv_env_STRATEGO_SDF_LIBS_set=
ac_cv_env_STRATEGO_SDF_LIBS_value=
ac_cv_env_STRATEGO_SDF_STRCFLAGS_set=
ac_cv_env_STRATEGO_SDF_STRCFLAGS_value=
ac_cv_env_STRATEGO_SDF_XTC_set=
ac_cv_env_STRATEGO_SDF_XTC_value=
ac_cv_env_STRATEGO_SGLR_CFLAGS_set=
ac_cv_env_STRATEGO_SGLR_CFLAGS_value=
ac_cv_env_STRATEGO_SGLR_LIBS_set=
ac_cv_env_STRATEGO_SGLR_LIBS_value=
ac_cv_env_STRATEGO_SGLR_STRCFLAGS_set=
ac_cv_env_STRATEGO_SGLR_STRCFLAGS_value=
ac_cv_env_STRATEGO_SGLR_XTC_set=
ac_cv_env_STRATEGO_SGLR_XTC_value=
ac_cv_env_STRATEGO_TOOL_DOC_CFLAGS_set=
ac_cv_env_STRATEGO_TOOL_DOC_CFLAGS_value=
ac_cv_env_STRATEGO_TOOL_DOC_LIBS_set=
ac_cv_env_STRATEGO_TOOL_DOC_LIBS_value=
ac_cv_env_STRATEGO_TOOL_DOC_STRCFLAGS_set=
ac_cv_env_STRATEGO_TOOL_DOC_STRCFLAGS_value=
ac_cv_env_STRATEGO_TOOL_DOC_XTC_set=
ac_cv_env_STRATEGO_TOOL_DOC_XTC_value=
ac_cv_env_STRATEGO_XTC_CFLAGS_set=
ac_cv_env_STRATEGO_XTC_CFLAGS_value=
ac_cv_env_STRATEGO_XTC_LIBS_set=
ac_cv_env_STRATEGO_XTC_LIBS_value=
ac_cv_env_STRATEGO_XTC_STRCFLAGS_set=
ac_cv_env_STRATEGO_XTC_STRCFLAGS_value=
ac_cv_env_STRATEGO_XTC_XTC_set=
ac_cv_env_STRATEGO_XTC_XTC_value=
ac_cv_env_XTC_CFLAGS_set=
ac_cv_env_XTC_CFLAGS_value=
ac_cv_env_XTC_LIBS_set=
ac_cv_env_XTC_LIBS_value=
ac_cv_env_XTC_STRCFLAGS_set=
ac_cv_env_XTC_STRCFLAGS_value=
ac_cv_env_XTC_XTC_set=
ac_cv_env_XTC_XTC_value=
ac_cv_env_build_alias_set=
ac_cv_env_build_alias_value=
ac_cv_env_host_alias_set=
ac_cv_env_host_alias_value=
ac_cv_env_target_alias_set=
ac_cv_env_target_alias_value=
ac_cv_f77_compiler_gnu=no
ac_cv_header_dlfcn_h=yes
ac_cv_header_inttypes_h=yes
ac_cv_header_memory_h=yes
ac_cv_header_stdc=yes
ac_cv_header_stdint_h=yes
ac_cv_header_stdlib_h=yes
ac_cv_header_string_h=yes
ac_cv_header_strings_h=yes
ac_cv_header_sys_stat_h=yes
ac_cv_header_sys_types_h=yes
ac_cv_header_unistd_h=yes
ac_cv_host=i386-apple-darwin9.6.0
ac_cv_objext=o
ac_cv_path_EGREP='/usr/bin/grep -E'
ac_cv_path_GREP=/usr/bin/grep
ac_cv_path_ac_pt_PKG_CONFIG=/opt/local/bin/pkg-config
ac_cv_path_install='/usr/bin/install -c'
ac_cv_prog_AWK=gawk
ac_cv_prog_CPP='gcc -E'
ac_cv_prog_CXXCPP='g++ -E'
ac_cv_prog_ac_ct_AR=ar
ac_cv_prog_ac_ct_CC=gcc
ac_cv_prog_ac_ct_CXX=g++
ac_cv_prog_ac_ct_DSYMUTIL=dsymutil
ac_cv_prog_ac_ct_NMEDIT=nmedit
ac_cv_prog_ac_ct_RANLIB=ranlib
ac_cv_prog_ac_ct_STRIP=strip
ac_cv_prog_cc_c89=
ac_cv_prog_cc_g=yes
ac_cv_prog_cxx_g=yes
ac_cv_prog_f77_g=no
ac_cv_prog_make_make_set=yes
ac_cv_sizeof_double=8
ac_cv_sizeof_int=4
ac_cv_sizeof_long=4
ac_cv_sizeof_void_p=4
am_cv_CC_dependencies_compiler_type=gcc3
am_cv_CXX_dependencies_compiler_type=gcc3
lt_cv_apple_cc_single_mod=yes
lt_cv_deplibs_check_method=pass_all
lt_cv_file_magic_cmd='$MAGIC_CMD'
lt_cv_file_magic_test_file=
lt_cv_ld_exported_symbols_list=yes
lt_cv_ld_reload_flag=-r
lt_cv_objdir=.libs
lt_cv_path_LD=/usr/libexec/gcc/i686-apple-darwin9/4.0.1/ld
lt_cv_path_LDCXX=/usr/libexec/gcc/i686-apple-darwin9/4.0.1/ld
lt_cv_path_NM='/usr/bin/nm -p'
lt_cv_path_SED=/usr/bin/sed
lt_cv_prog_compiler_c_o=yes
lt_cv_prog_compiler_c_o_CXX=yes
lt_cv_prog_compiler_pic_works=yes
lt_cv_prog_compiler_pic_works_CXX=yes
lt_cv_prog_compiler_rtti_exceptions=no
lt_cv_prog_compiler_static_works=no
lt_cv_prog_compiler_static_works_CXX=no
lt_cv_prog_gnu_ld=no
lt_cv_prog_gnu_ldcxx=no
lt_cv_sys_global_symbol_pipe='sed -n -e '\''s/^.*[ 	]\([BCDEGRST][BCDEGRST]*\)[ 	][ 	]*_\([_A-Za-z][_A-Za-z0-9]*\)$/\1 _\2 \2/p'\'''
lt_cv_sys_global_symbol_to_c_name_address='sed -n -e '\''s/^: \([^ ]*\) $/  {\"\1\", (lt_ptr) 0},/p'\'' -e '\''s/^[BCDEGRST] \([^ ]*\) \([^ ]*\)$/  {"\2", (lt_ptr) \&\2},/p'\'''
lt_cv_sys_global_symbol_to_cdecl='sed -n -e '\''s/^. .* \(.*\)$/extern int \1;/p'\'''
lt_cv_sys_lib_dlsearch_path_spec='/usr/local/lib /lib /usr/lib'
lt_cv_sys_lib_search_path_spec='/usr/lib/i686-apple-darwin9/4.0.1 /usr/lib /usr/lib/gcc/i686-apple-darwin9/4.0.1 /usr/local/lib'
lt_cv_sys_max_cmd_len=196608
lt_lt_cv_prog_compiler_c_o='"yes"'
lt_lt_cv_prog_compiler_c_o_CXX='"yes"'
lt_lt_cv_sys_global_symbol_pipe='"sed -n -e '\''s/^.*[ 	]\\([BCDEGRST][BCDEGRST]*\\)[ 	][ 	]*_\\([_A-Za-z][_A-Za-z0-9]*\\)\$/\\1 _\\2 \\2/p'\''"'
lt_lt_cv_sys_global_symbol_to_c_name_address='"sed -n -e '\''s/^: \\([^ ]*\\) \$/  {\\\"\\1\\\", (lt_ptr) 0},/p'\'' -e '\''s/^[BCDEGRST] \\([^ ]*\\) \\([^ ]*\\)\$/  {\"\\2\", (lt_ptr) \\&\\2},/p'\''"'
lt_lt_cv_sys_global_symbol_to_cdecl='"sed -n -e '\''s/^. .* \\(.*\\)\$/extern int \\1;/p'\''"'
pkg_cv_ATERM_CFLAGS='-I/nix/store/wn1bq7f0ph1nxwzmr2pqm30a9yin4qjj-aterm-2.5pre21238/include  '
pkg_cv_ATERM_LIBS='-L/nix/store/wn1bq7f0ph1nxwzmr2pqm30a9yin4qjj-aterm-2.5pre21238/lib -lATerm  '
pkg_cv_C_TOOLS_CFLAGS='-I/nix/store/4iva8bw57ywcbyv9j04k7427v4ll24k5-strategoxt/include -I/nix/store/wn1bq7f0ph1nxwzmr2pqm30a9yin4qjj-aterm-2.5pre21238/include  '
pkg_cv_C_TOOLS_LIBS='-L/nix/store/4iva8bw57ywcbyv9j04k7427v4ll24k5-strategoxt/lib -L/nix/store/wn1bq7f0ph1nxwzmr2pqm30a9yin4qjj-aterm-2.5pre21238/lib -lstratego-lib -lstratego-lib-native -lstratego-runtime -lm -lATerm  '
pkg_cv_JAVA_FRONT_CFLAGS=' '
pkg_cv_JAVA_FRONT_LIBS='/nix/store/0ljfh92wkjv984ajvcc14pq154x1y775-java-front-0.9pre1823618236/lib/libjava-front.la  '
pkg_cv_PIL_CFLAGS=' '
pkg_cv_PIL_LIBS=' '
pkg_cv_SDF_CFLAGS='-I/nix/store/wn1bq7f0ph1nxwzmr2pqm30a9yin4qjj-aterm-2.5pre21238/include  '
pkg_cv_SDF_LIBS='-L/nix/store/wn1bq7f0ph1nxwzmr2pqm30a9yin4qjj-aterm-2.5pre21238/lib -lATerm  '
pkg_cv_STRATEGOXT_CFLAGS=' '
pkg_cv_STRATEGOXT_LIBS=' '
pkg_cv_STRATEGO_ATERM_CFLAGS='-I/nix/store/wn1bq7f0ph1nxwzmr2pqm30a9yin4qjj-aterm-2.5pre21238/include -I/nix/store/4iva8bw57ywcbyv9j04k7427v4ll24k5-strategoxt/include  '
pkg_cv_STRATEGO_ATERM_LIBS='-L/nix/store/4iva8bw57ywcbyv9j04k7427v4ll24k5-strategoxt/lib -L/nix/store/wn1bq7f0ph1nxwzmr2pqm30a9yin4qjj-aterm-2.5pre21238/lib -lstratego-aterm -lstratego-gpp -lstratego-sglr -lstratego-lib -lstratego-lib-native -lstratego-runtime -lm -lATerm  '
pkg_cv_STRATEGO_GPP_CFLAGS='-I/nix/store/wn1bq7f0ph1nxwzmr2pqm30a9yin4qjj-aterm-2.5pre21238/include -I/nix/store/4iva8bw57ywcbyv9j04k7427v4ll24k5-strategoxt/include  '
pkg_cv_STRATEGO_GPP_LIBS='-L/nix/store/4iva8bw57ywcbyv9j04k7427v4ll24k5-strategoxt/lib -L/nix/store/wn1bq7f0ph1nxwzmr2pqm30a9yin4qjj-aterm-2.5pre21238/lib -lstratego-gpp -lstratego-sglr -lstratego-lib -lstratego-lib-native -lstratego-runtime -lm -lATerm  '
pkg_cv_STRATEGO_LIB_CFLAGS='-I/nix/store/4iva8bw57ywcbyv9j04k7427v4ll24k5-strategoxt/include -I/nix/store/wn1bq7f0ph1nxwzmr2pqm30a9yin4qjj-aterm-2.5pre21238/include  '
pkg_cv_STRATEGO_LIB_LIBS='-L/nix/store/4iva8bw57ywcbyv9j04k7427v4ll24k5-strategoxt/lib -L/nix/store/wn1bq7f0ph1nxwzmr2pqm30a9yin4qjj-aterm-2.5pre21238/lib -lstratego-lib -lstratego-lib-native -lstratego-runtime -lm -lATerm  '
pkg_cv_STRATEGO_RTG_CFLAGS='-I/nix/store/wn1bq7f0ph1nxwzmr2pqm30a9yin4qjj-aterm-2.5pre21238/include -I/nix/store/4iva8bw57ywcbyv9j04k7427v4ll24k5-strategoxt/include  '
pkg_cv_STRATEGO_RTG_LIBS='-L/nix/store/4iva8bw57ywcbyv9j04k7427v4ll24k5-strategoxt/lib -L/nix/store/wn1bq7f0ph1nxwzmr2pqm30a9yin4qjj-aterm-2.5pre21238/lib -lstratego-rtg -lstratego-sglr -lstratego-lib -lstratego-lib-native -lstratego-runtime -lm -lATerm  '
pkg_cv_STRATEGO_RUNTIME_CFLAGS='-I/nix/store/4iva8bw57ywcbyv9j04k7427v4ll24k5-strategoxt/include -I/nix/store/wn1bq7f0ph1nxwzmr2pqm30a9yin4qjj-aterm-2.5pre21238/include  '
pkg_cv_STRATEGO_RUNTIME_LIBS='-L/nix/store/4iva8bw57ywcbyv9j04k7427v4ll24k5-strategoxt/lib -L/nix/store/wn1bq7f0ph1nxwzmr2pqm30a9yin4qjj-aterm-2.5pre21238/lib -lstratego-runtime -lm -lATerm  '
pkg_cv_STRATEGO_SDF_CFLAGS='-I/nix/store/wn1bq7f0ph1nxwzmr2pqm30a9yin4qjj-aterm-2.5pre21238/include -I/nix/store/4iva8bw57ywcbyv9j04k7427v4ll24k5-strategoxt/include  '
pkg_cv_STRATEGO_SDF_LIBS='-L/nix/store/4iva8bw57ywcbyv9j04k7427v4ll24k5-strategoxt/lib -L/nix/store/wn1bq7f0ph1nxwzmr2pqm30a9yin4qjj-aterm-2.5pre21238/lib -lstratego-sdf -lstratego-aterm -lstratego-gpp -lstratego-sglr -lstratego-lib -lstratego-lib-native -lstratego-runtime -lm -lATerm  '
pkg_cv_STRATEGO_SGLR_CFLAGS='-I/nix/store/wn1bq7f0ph1nxwzmr2pqm30a9yin4qjj-aterm-2.5pre21238/include -I/nix/store/4iva8bw57ywcbyv9j04k7427v4ll24k5-strategoxt/include  '
pkg_cv_STRATEGO_SGLR_LIBS='-L/nix/store/4iva8bw57ywcbyv9j04k7427v4ll24k5-strategoxt/lib -L/nix/store/wn1bq7f0ph1nxwzmr2pqm30a9yin4qjj-aterm-2.5pre21238/lib -lstratego-sglr -lstratego-lib -lstratego-lib-native -lstratego-runtime -lm -lATerm  '
pkg_cv_STRATEGO_TOOL_DOC_CFLAGS='-I/nix/store/wn1bq7f0ph1nxwzmr2pqm30a9yin4qjj-aterm-2.5pre21238/include -I/nix/store/4iva8bw57ywcbyv9j04k7427v4ll24k5-strategoxt/include  '
pkg_cv_STRATEGO_TOOL_DOC_LIBS='-L/nix/store/4iva8bw57ywcbyv9j04k7427v4ll24k5-strategoxt/lib -L/nix/store/wn1bq7f0ph1nxwzmr2pqm30a9yin4qjj-aterm-2.5pre21238/lib -lstratego-tool-doc -lstratego-gpp -lstratego-sglr -lstratego-lib -lstratego-lib-native -lstratego-runtime -lm -lATerm  '
pkg_cv_STRATEGO_XTC_CFLAGS='-I/nix/store/4iva8bw57ywcbyv9j04k7427v4ll24k5-strategoxt/include -I/nix/store/wn1bq7f0ph1nxwzmr2pqm30a9yin4qjj-aterm-2.5pre21238/include  '
pkg_cv_STRATEGO_XTC_LIBS='-L/nix/store/4iva8bw57ywcbyv9j04k7427v4ll24k5-strategoxt/lib -L/nix/store/wn1bq7f0ph1nxwzmr2pqm30a9yin4qjj-aterm-2.5pre21238/lib -lstratego-xtc -lstratego-lib -lstratego-lib-native -lstratego-runtime -lm -lATerm  '
pkg_cv_XTC_CFLAGS=' '
pkg_cv_XTC_LIBS='$(STRATEGO_XTC_LIBS)'

## ----------------- ##
## Output variables. ##
## ----------------- ##

ACLOCAL='${SHELL} /Users/zef/svn/webdsl/new-pil-branch/config/missing --run aclocal-1.10'
AMDEPBACKSLASH='\'
AMDEP_FALSE='#'
AMDEP_TRUE=''
AMTAR='${SHELL} /Users/zef/svn/webdsl/new-pil-branch/config/missing --run tar'
AR='ar'
ASFIX_TOOLS='$(STRATEGOXT)'
ASF_LIBRARY='$(SDF)'
ATERM='/nix/store/wn1bq7f0ph1nxwzmr2pqm30a9yin4qjj-aterm-2.5pre21238'
ATERM_CFLAGS='-I/nix/store/wn1bq7f0ph1nxwzmr2pqm30a9yin4qjj-aterm-2.5pre21238/include  '
ATERM_FRONT='$(STRATEGOXT)'
ATERM_LIBS='-L/nix/store/wn1bq7f0ph1nxwzmr2pqm30a9yin4qjj-aterm-2.5pre21238/lib -lATerm  '
ATERM_STRCFLAGS=''
ATERM_XTC=''
AUTOCONF='${SHELL} /Users/zef/svn/webdsl/new-pil-branch/config/missing --run autoconf'
AUTOHEADER='${SHELL} /Users/zef/svn/webdsl/new-pil-branch/config/missing --run autoheader'
AUTOMAKE='${SHELL} /Users/zef/svn/webdsl/new-pil-branch/config/missing --run automake-1.10'
AWK='gawk'
BUILD_REPOSITORY='/Users/zef/svn/webdsl/new-pil-branch/BUILDTIME_XTC'
CC='gcc'
CCDEPMODE='depmode=gcc3'
CFLAGS='-g -O2'
CONCRETE_SYNTAX='$(STRATEGOXT)'
CPP='gcc -E'
CPPFLAGS=''
CXX='g++'
CXXCPP='g++ -E'
CXXDEPMODE='depmode=gcc3'
CXXFLAGS='-g -O2'
CYGPATH_W='echo'
C_TOOLS='/nix/store/4iva8bw57ywcbyv9j04k7427v4ll24k5-strategoxt'
C_TOOLS_CFLAGS='-I/nix/store/4iva8bw57ywcbyv9j04k7427v4ll24k5-strategoxt/include -I/nix/store/wn1bq7f0ph1nxwzmr2pqm30a9yin4qjj-aterm-2.5pre21238/include  '
C_TOOLS_LIBS='-L/nix/store/4iva8bw57ywcbyv9j04k7427v4ll24k5-strategoxt/lib -L/nix/store/wn1bq7f0ph1nxwzmr2pqm30a9yin4qjj-aterm-2.5pre21238/lib -lstratego-lib -lstratego-lib-native -lstratego-runtime -lm -lATerm  '
C_TOOLS_STRCFLAGS='-I /nix/store/4iva8bw57ywcbyv9j04k7427v4ll24k5-strategoxt/share/c-tools -I /nix/store/4iva8bw57ywcbyv9j04k7427v4ll24k5-strategoxt/share/sdf/c-tools'
C_TOOLS_XTC=''
DEFS='-DPACKAGE_NAME=\"webdsl\" -DPACKAGE_TARNAME=\"webdsl\" -DPACKAGE_VERSION=\"8.8\" -DPACKAGE_STRING=\"webdsl\ 8.8\" -DPACKAGE_BUGREPORT=\"webdsl@st.ewi.tudelft.nl\" -DPACKAGE=\"webdsl\" -DVERSION=\"8.8\" -DSTDC_HEADERS=1 -DHAVE_SYS_TYPES_H=1 -DHAVE_SYS_STAT_H=1 -DHAVE_STDLIB_H=1 -DHAVE_STRING_H=1 -DHAVE_MEMORY_H=1 -DHAVE_STRINGS_H=1 -DHAVE_INTTYPES_H=1 -DHAVE_STDINT_H=1 -DHAVE_UNISTD_H=1 -DSIZEOF_VOID_P=4 -DSIZEOF_INT=4 -DSIZEOF_LONG=4 -DSIZEOF_DOUBLE=8 -DSVN_REVISION=\"0\" -DHAVE_DLFCN_H=1'
DEPDIR='.deps'
DSYMUTIL='dsymutil'
ECHO='echo'
ECHO_C=''
ECHO_N='-n'
ECHO_T=''
EGREP='/usr/bin/grep -E'
EXEEXT=''
F77=''
FFLAGS=''
GPP='$(STRATEGOXT)'
GREP='/usr/bin/grep'
INSTALL_DATA='${INSTALL} -m 644'
INSTALL_PROGRAM='${INSTALL}'
INSTALL_SCRIPT='${INSTALL}'
INSTALL_STRIP_PROGRAM='$(install_sh) -c -s'
JAVA_FRONT='/nix/store/0ljfh92wkjv984ajvcc14pq154x1y775-java-front-0.9pre1823618236'
JAVA_FRONT_CFLAGS=' '
JAVA_FRONT_LIBS='/nix/store/0ljfh92wkjv984ajvcc14pq154x1y775-java-front-0.9pre1823618236/lib/libjava-front.la  '
JAVA_FRONT_STRCFLAGS='-I /nix/store/0ljfh92wkjv984ajvcc14pq154x1y775-java-front-0.9pre1823618236/share/java-front-syntax -I /nix/store/0ljfh92wkjv984ajvcc14pq154x1y775-java-front-0.9pre1823618236/share/java-front -la /nix/store/0ljfh92wkjv984ajvcc14pq154x1y775-java-front-0.9pre1823618236/lib/libjava-front.la'
JAVA_FRONT_XTC='/nix/store/0ljfh92wkjv984ajvcc14pq154x1y775-java-front-0.9pre1823618236/share/java-front/XTC'
LDFLAGS=''
LIBOBJS=''
LIBS=''
LIBTOOL='$(SHELL) $(top_builddir)/libtool'
LN_S='ln -s'
LTLIBOBJS=''
MAKEINFO='${SHELL} /Users/zef/svn/webdsl/new-pil-branch/config/missing --run makeinfo'
MKDIR_P='config/install-sh -c -d'
NMEDIT='nmedit'
OBJEXT='o'
PACKAGE='webdsl'
PACKAGE_BUGREPORT='webdsl@st.ewi.tudelft.nl'
PACKAGE_NAME='webdsl'
PACKAGE_STRING='webdsl 8.8'
PACKAGE_TARNAME='webdsl'
PACKAGE_VERSION='8.8pre0'
PATH_SEPARATOR=':'
PGEN='$(SDF)'
PIL='/usr/local'
PIL_CFLAGS=' '
PIL_LIB='/usr/local/lib'
PIL_LIBS=' '
PIL_STRCFLAGS=''
PIL_XTC=''
PKG_CONFIG='/opt/local/bin/pkg-config'
PT_SUPPORT='$(SDF)'
RANLIB='ranlib'
REPOSITORY='${datarootdir}/webdsl/XTC'
SCOMPILE='$(STRC)/bin/strc'
SDF='/nix/store/nsqzbif08r11c518c67n8gss5rjh9d4h-sdf2-bundle-2.4pre212034'
SDF_CFLAGS='-I/nix/store/wn1bq7f0ph1nxwzmr2pqm30a9yin4qjj-aterm-2.5pre21238/include  '
SDF_FRONT='$(STRATEGOXT)'
SDF_LIBRARY='$(SDF)'
SDF_LIBS='-L/nix/store/wn1bq7f0ph1nxwzmr2pqm30a9yin4qjj-aterm-2.5pre21238/lib -lATerm  '
SDF_STRCFLAGS=''
SDF_TOOLS='$(STRATEGOXT)'
SDF_XTC=''
SED='/usr/bin/sed'
SET_MAKE=''
SGLR='$(SDF)'
SHELL='/bin/sh'
SRTS='$(STRATEGO_RUNTIME)'
STRATEGOXT='/nix/store/4iva8bw57ywcbyv9j04k7427v4ll24k5-strategoxt'
STRATEGOXT_CFLAGS=' '
STRATEGOXT_LIBS=' '
STRATEGOXT_STRCFLAGS=''
STRATEGOXT_XTC='/nix/store/4iva8bw57ywcbyv9j04k7427v4ll24k5-strategoxt/share/strategoxt/XTC'
STRATEGO_ATERM='/nix/store/4iva8bw57ywcbyv9j04k7427v4ll24k5-strategoxt'
STRATEGO_ATERM_CFLAGS='-I/nix/store/wn1bq7f0ph1nxwzmr2pqm30a9yin4qjj-aterm-2.5pre21238/include -I/nix/store/4iva8bw57ywcbyv9j04k7427v4ll24k5-strategoxt/include  '
STRATEGO_ATERM_LIBS='-L/nix/store/4iva8bw57ywcbyv9j04k7427v4ll24k5-strategoxt/lib -L/nix/store/wn1bq7f0ph1nxwzmr2pqm30a9yin4qjj-aterm-2.5pre21238/lib -lstratego-aterm -lstratego-gpp -lstratego-sglr -lstratego-lib -lstratego-lib-native -lstratego-runtime -lm -lATerm  '
STRATEGO_ATERM_STRCFLAGS='-I /nix/store/4iva8bw57ywcbyv9j04k7427v4ll24k5-strategoxt/share -la /nix/store/4iva8bw57ywcbyv9j04k7427v4ll24k5-strategoxt/lib/libstratego-aterm.la'
STRATEGO_ATERM_XTC=''
STRATEGO_FRONT='$(STRATEGOXT)'
STRATEGO_GPP='/nix/store/4iva8bw57ywcbyv9j04k7427v4ll24k5-strategoxt'
STRATEGO_GPP_CFLAGS='-I/nix/store/wn1bq7f0ph1nxwzmr2pqm30a9yin4qjj-aterm-2.5pre21238/include -I/nix/store/4iva8bw57ywcbyv9j04k7427v4ll24k5-strategoxt/include  '
STRATEGO_GPP_LIBS='-L/nix/store/4iva8bw57ywcbyv9j04k7427v4ll24k5-strategoxt/lib -L/nix/store/wn1bq7f0ph1nxwzmr2pqm30a9yin4qjj-aterm-2.5pre21238/lib -lstratego-gpp -lstratego-sglr -lstratego-lib -lstratego-lib-native -lstratego-runtime -lm -lATerm  '
STRATEGO_GPP_STRCFLAGS='-I /nix/store/4iva8bw57ywcbyv9j04k7427v4ll24k5-strategoxt/share -I /nix/store/4iva8bw57ywcbyv9j04k7427v4ll24k5-strategoxt/share/sdf/gpp -la /nix/store/4iva8bw57ywcbyv9j04k7427v4ll24k5-strategoxt/lib/libstratego-gpp.la'
STRATEGO_GPP_XTC=''
STRATEGO_LIB='/nix/store/4iva8bw57ywcbyv9j04k7427v4ll24k5-strategoxt'
STRATEGO_LIBRARIES=''
STRATEGO_LIB_CFLAGS='-I/nix/store/4iva8bw57ywcbyv9j04k7427v4ll24k5-strategoxt/include -I/nix/store/wn1bq7f0ph1nxwzmr2pqm30a9yin4qjj-aterm-2.5pre21238/include  '
STRATEGO_LIB_LIBS='-L/nix/store/4iva8bw57ywcbyv9j04k7427v4ll24k5-strategoxt/lib -L/nix/store/wn1bq7f0ph1nxwzmr2pqm30a9yin4qjj-aterm-2.5pre21238/lib -lstratego-lib -lstratego-lib-native -lstratego-runtime -lm -lATerm  '
STRATEGO_LIB_STRCFLAGS='-I /nix/store/4iva8bw57ywcbyv9j04k7427v4ll24k5-strategoxt/share -la /nix/store/4iva8bw57ywcbyv9j04k7427v4ll24k5-strategoxt/lib/libstratego-lib.la'
STRATEGO_LIB_XTC=''
STRATEGO_REGULAR='$(STRATEGOXT)'
STRATEGO_RTG='/nix/store/4iva8bw57ywcbyv9j04k7427v4ll24k5-strategoxt'
STRATEGO_RTG_CFLAGS='-I/nix/store/wn1bq7f0ph1nxwzmr2pqm30a9yin4qjj-aterm-2.5pre21238/include -I/nix/store/4iva8bw57ywcbyv9j04k7427v4ll24k5-strategoxt/include  '
STRATEGO_RTG_LIBS='-L/nix/store/4iva8bw57ywcbyv9j04k7427v4ll24k5-strategoxt/lib -L/nix/store/wn1bq7f0ph1nxwzmr2pqm30a9yin4qjj-aterm-2.5pre21238/lib -lstratego-rtg -lstratego-sglr -lstratego-lib -lstratego-lib-native -lstratego-runtime -lm -lATerm  '
STRATEGO_RTG_STRCFLAGS='-I /nix/store/4iva8bw57ywcbyv9j04k7427v4ll24k5-strategoxt/share -la /nix/store/4iva8bw57ywcbyv9j04k7427v4ll24k5-strategoxt/lib/libstratego-rtg.la'
STRATEGO_RTG_XTC=''
STRATEGO_RUNTIME='/nix/store/4iva8bw57ywcbyv9j04k7427v4ll24k5-strategoxt'
STRATEGO_RUNTIME_CFLAGS='-I/nix/store/4iva8bw57ywcbyv9j04k7427v4ll24k5-strategoxt/include -I/nix/store/wn1bq7f0ph1nxwzmr2pqm30a9yin4qjj-aterm-2.5pre21238/include  '
STRATEGO_RUNTIME_LIBS='-L/nix/store/4iva8bw57ywcbyv9j04k7427v4ll24k5-strategoxt/lib -L/nix/store/wn1bq7f0ph1nxwzmr2pqm30a9yin4qjj-aterm-2.5pre21238/lib -lstratego-runtime -lm -lATerm  '
STRATEGO_RUNTIME_STRCFLAGS=''
STRATEGO_RUNTIME_XTC=''
STRATEGO_SDF='/nix/store/4iva8bw57ywcbyv9j04k7427v4ll24k5-strategoxt'
STRATEGO_SDF_CFLAGS='-I/nix/store/wn1bq7f0ph1nxwzmr2pqm30a9yin4qjj-aterm-2.5pre21238/include -I/nix/store/4iva8bw57ywcbyv9j04k7427v4ll24k5-strategoxt/include  '
STRATEGO_SDF_LIBS='-L/nix/store/4iva8bw57ywcbyv9j04k7427v4ll24k5-strategoxt/lib -L/nix/store/wn1bq7f0ph1nxwzmr2pqm30a9yin4qjj-aterm-2.5pre21238/lib -lstratego-sdf -lstratego-aterm -lstratego-gpp -lstratego-sglr -lstratego-lib -lstratego-lib-native -lstratego-runtime -lm -lATerm  '
STRATEGO_SDF_STRCFLAGS='-I /nix/store/4iva8bw57ywcbyv9j04k7427v4ll24k5-strategoxt/share  -la /nix/store/4iva8bw57ywcbyv9j04k7427v4ll24k5-strategoxt/lib/libstratego-sdf.la'
STRATEGO_SDF_XTC=''
STRATEGO_SGLR='/nix/store/4iva8bw57ywcbyv9j04k7427v4ll24k5-strategoxt'
STRATEGO_SGLR_CFLAGS='-I/nix/store/wn1bq7f0ph1nxwzmr2pqm30a9yin4qjj-aterm-2.5pre21238/include -I/nix/store/4iva8bw57ywcbyv9j04k7427v4ll24k5-strategoxt/include  '
STRATEGO_SGLR_LIBS='-L/nix/store/4iva8bw57ywcbyv9j04k7427v4ll24k5-strategoxt/lib -L/nix/store/wn1bq7f0ph1nxwzmr2pqm30a9yin4qjj-aterm-2.5pre21238/lib -lstratego-sglr -lstratego-lib -lstratego-lib-native -lstratego-runtime -lm -lATerm  '
STRATEGO_SGLR_STRCFLAGS='-I /nix/store/4iva8bw57ywcbyv9j04k7427v4ll24k5-strategoxt/share -la /nix/store/4iva8bw57ywcbyv9j04k7427v4ll24k5-strategoxt/lib/libstratego-sglr.la'
STRATEGO_SGLR_XTC=''
STRATEGO_TOOL_DOC='/nix/store/4iva8bw57ywcbyv9j04k7427v4ll24k5-strategoxt'
STRATEGO_TOOL_DOC_CFLAGS='-I/nix/store/wn1bq7f0ph1nxwzmr2pqm30a9yin4qjj-aterm-2.5pre21238/include -I/nix/store/4iva8bw57ywcbyv9j04k7427v4ll24k5-strategoxt/include  '
STRATEGO_TOOL_DOC_LIBS='-L/nix/store/4iva8bw57ywcbyv9j04k7427v4ll24k5-strategoxt/lib -L/nix/store/wn1bq7f0ph1nxwzmr2pqm30a9yin4qjj-aterm-2.5pre21238/lib -lstratego-tool-doc -lstratego-gpp -lstratego-sglr -lstratego-lib -lstratego-lib-native -lstratego-runtime -lm -lATerm  '
STRATEGO_TOOL_DOC_STRCFLAGS='-I /nix/store/4iva8bw57ywcbyv9j04k7427v4ll24k5-strategoxt/share -la /nix/store/4iva8bw57ywcbyv9j04k7427v4ll24k5-strategoxt/lib/libstratego-tool-doc.la'
STRATEGO_TOOL_DOC_XTC=''
STRATEGO_XTC='/nix/store/4iva8bw57ywcbyv9j04k7427v4ll24k5-strategoxt'
STRATEGO_XTC_CFLAGS='-I/nix/store/4iva8bw57ywcbyv9j04k7427v4ll24k5-strategoxt/include -I/nix/store/wn1bq7f0ph1nxwzmr2pqm30a9yin4qjj-aterm-2.5pre21238/include  '
STRATEGO_XTC_LIBS='-L/nix/store/4iva8bw57ywcbyv9j04k7427v4ll24k5-strategoxt/lib -L/nix/store/wn1bq7f0ph1nxwzmr2pqm30a9yin4qjj-aterm-2.5pre21238/lib -lstratego-xtc -lstratego-lib -lstratego-lib-native -lstratego-runtime -lm -lATerm  '
STRATEGO_XTC_STRCFLAGS='-I /nix/store/4iva8bw57ywcbyv9j04k7427v4ll24k5-strategoxt/share -la /nix/store/4iva8bw57ywcbyv9j04k7427v4ll24k5-strategoxt/lib/libstratego-xtc.la'
STRATEGO_XTC_XTC=''
STRC='$(STRATEGOXT)'
STRIP='strip'
STR_CFLAGS=' -Wall -Wno-unused-label -Wno-unused-variable -Wno-unused-function -Wno-unused-parameter'
STR_LDFLAGS=' -bind_at_load'
SVN_REVISION='0'
VERSION='8.8pre0'
XML_FRONT='$(STRATEGOXT)'
XTC='/nix/store/4iva8bw57ywcbyv9j04k7427v4ll24k5-strategoxt'
XTC_CFLAGS=' '
XTC_LIBS='$(STRATEGO_XTC_LIBS)'
XTC_PROG='/nix/store/4iva8bw57ywcbyv9j04k7427v4ll24k5-strategoxt/bin/xtc'
XTC_STRCFLAGS='$(STRATEGO_XTC_STRCFLAGS)'
XTC_XTC=''
XT_DARWIN_FALSE='#'
XT_DARWIN_TRUE=''
XT_STD_C99_FALSE=''
XT_STD_C99_TRUE='#'
XT_STD_NONE_FALSE='#'
XT_STD_NONE_TRUE=''
XT_STD_POSIX_FALSE=''
XT_STD_POSIX_TRUE='#'
XT_STD_POSIX_XSI_FALSE=''
XT_STD_POSIX_XSI_TRUE='#'
XT_XTC_REGISTER_FALSE='#'
XT_XTC_REGISTER_TRUE=''
ac_ct_CC='gcc'
ac_ct_CXX='g++'
ac_ct_F77=''
am__fastdepCC_FALSE='#'
am__fastdepCC_TRUE=''
am__fastdepCXX_FALSE='#'
am__fastdepCXX_TRUE=''
am__include='include'
am__isrc=''
am__leading_dot='.'
am__quote=''
am__tar='${AMTAR} chof - "$$tardir"'
am__untar='${AMTAR} xf -'
bindir='${exec_prefix}/bin'
build='i386-apple-darwin9.6.0'
build_alias=''
build_cpu='i386'
build_os='darwin9.6.0'
build_vendor='apple'
datadir='${datarootdir}'
datarootdir='${prefix}/share'
docdir='${datarootdir}/doc/${PACKAGE_TARNAME}'
dvidir='${docdir}'
exec_prefix='${prefix}'
host='i386-apple-darwin9.6.0'
host_alias=''
host_cpu='i386'
host_os='darwin9.6.0'
host_vendor='apple'
htmldir='${docdir}'
includedir='${prefix}/include'
infodir='${datarootdir}/info'
install_sh='$(SHELL) /Users/zef/svn/webdsl/new-pil-branch/config/install-sh'
libdir='${exec_prefix}/lib'
libexecdir='${exec_prefix}/libexec'
localedir='${datarootdir}/locale'
localstatedir='${prefix}/var'
mandir='${datarootdir}/man'
mkdir_p='$(top_builddir)/config/install-sh -c -d'
oldincludedir='/usr/include'
pdfdir='${docdir}'
prefix='/usr/local'
program_transform_name='s,x,x,'
psdir='${docdir}'
sbindir='${exec_prefix}/sbin'
sharedstatedir='${prefix}/com'
sysconfdir='${prefix}/etc'
target_alias=''

## ----------- ##
## confdefs.h. ##
## ----------- ##

#define PACKAGE_NAME "webdsl"
#define PACKAGE_TARNAME "webdsl"
#define PACKAGE_VERSION "8.8"
#define PACKAGE_STRING "webdsl 8.8"
#define PACKAGE_BUGREPORT "webdsl@st.ewi.tudelft.nl"
#define PACKAGE "webdsl"
#define VERSION "8.8"
#define STDC_HEADERS 1
#define HAVE_SYS_TYPES_H 1
#define HAVE_SYS_STAT_H 1
#define HAVE_STDLIB_H 1
#define HAVE_STRING_H 1
#define HAVE_MEMORY_H 1
#define HAVE_STRINGS_H 1
#define HAVE_INTTYPES_H 1
#define HAVE_STDINT_H 1
#define HAVE_UNISTD_H 1
#define SIZEOF_VOID_P 4
#define SIZEOF_INT 4
#define SIZEOF_LONG 4
#define SIZEOF_DOUBLE 8
#define SVN_REVISION "0"
#define HAVE_DLFCN_H 1

configure: exit 0
